已經開始建置於 2015/12/24 下午 05:12:22。
     1>節點 2 (Build 目標) 上的專案 "D:\Projects\VSProject\Assembly\final\asm_hw03_201509_OpenGL_template\C_ASM\C_ASM.vcxproj"。
     1>_MASM:
         Assembling asm.asm...
         cmd.exe /C "C:\Users\toosy\AppData\Local\Temp\tmpdecd488b5dd2452489db109028d7af17.cmd"
         ml.exe /c /nologo /Zi /Fo"Release\asm.obj" /I "..\Irvine" /W3 /errorReport:prompt  /Taasm.asm
     1>asm.asm(435): warning A6004: procedure argument or local not referenced : objID
     1>asm.asm(459): warning A6004: procedure argument or local not referenced : x
     1>asm.asm(459): warning A6004: procedure argument or local not referenced : objID
     1>asm.asm(471): warning A6004: procedure argument or local not referenced : y
     1>asm.asm(471): warning A6004: procedure argument or local not referenced : objID
       Link:
         D:\Program\VC\bin\link.exe /ERRORREPORT:PROMPT /OUT:"D:\Projects\VSProject\Assembly\final\asm_hw03_201509_OpenGL_template\Release\C_ASM.exe" /INCREMENTAL:NO /NOLOGO /LIBPATH:..\Irvine /LIBPATH:..\lib /LIBPATH:..\lib\IL user32.lib irvine32.lib devil.lib ilu.lib ilut.lib kernel32.lib user32.lib gdi32.lib winspool.lib comdlg32.lib advapi32.lib shell32.lib ole32.lib oleaut32.lib uuid.lib odbc32.lib odbccp32.lib /MANIFEST /MANIFESTUAC:"level='asInvoker' uiAccess='false'" /manifest:embed /DEBUG /PDB:"D:\Projects\VSProject\Assembly\final\asm_hw03_201509_OpenGL_template\Release\C_ASM.pdb" /SUBSYSTEM:CONSOLE /OPT:REF /OPT:ICF /LTCG /TLBID:1 /DYNAMICBASE:NO /IMPLIB:"D:\Projects\VSProject\Assembly\final\asm_hw03_201509_OpenGL_template\Release\C_ASM.lib" /MACHINE:X86 /SAFESEH:NO Release\image.obj
         Release\main.obj
         "Release\opengl_stuff .obj"
         Release\particle_system.obj
         Release\shape.obj
         Release\asm.obj
         正在產生程式碼
         已完成程式碼產生
         C_ASM.vcxproj -> D:\Projects\VSProject\Assembly\final\asm_hw03_201509_OpenGL_template\Release\C_ASM.exe
     1>專案 "D:\Projects\VSProject\Assembly\final\asm_hw03_201509_OpenGL_template\C_ASM\C_ASM.vcxproj" (Build 目標) 建置完成。

建置成功。

經過時間 00:00:06.82
