d:\users\wingo\teaching\assemblylanguage\assignments\asm_hw03_201509_opengl\c_asm\release\particle_system.obj
d:\users\wingo\teaching\assemblylanguage\assignments\asm_hw03_201509_opengl\c_asm\release\opengl_stuff .obj
d:\users\wingo\teaching\assemblylanguage\assignments\asm_hw03_201509_opengl\c_asm\release\main.obj
d:\users\wingo\teaching\assemblylanguage\assignments\asm_hw03_201509_opengl\c_asm\release\image.obj
d:\users\wingo\teaching\assemblylanguage\assignments\asm_hw03_201509_opengl\c_asm\release\shape.obj
d:\users\wingo\teaching\assemblylanguage\assignments\asm_hw03_201509_opengl\c_asm\release\vc100.pdb
d:\users\wingo\teaching\assemblylanguage\assignments\asm_hw03_201509_opengl_template\c_asm\release\shape.obj
d:\users\wingo\teaching\assemblylanguage\assignments\asm_hw03_201509_opengl_template\c_asm\release\particle_system.obj
d:\users\wingo\teaching\assemblylanguage\assignments\asm_hw03_201509_opengl_template\c_asm\release\opengl_stuff .obj
d:\users\wingo\teaching\assemblylanguage\assignments\asm_hw03_201509_opengl_template\c_asm\release\main.obj
d:\users\wingo\teaching\assemblylanguage\assignments\asm_hw03_201509_opengl_template\c_asm\release\image.obj
d:\users\wingo\teaching\assemblylanguage\assignments\asm_hw03_201509_opengl_template\c_asm\release\vc100.pdb
d:\users\wingo\teaching\assemblylanguage\assignments\asm_hw03_201509_opengl\c_asm\release\asm.obj
d:\users\wingo\teaching\assemblylanguage\assignments\asm_hw03_201509_opengl_template\c_asm\release\asm.obj
d:\users\wingo\teaching\assemblylanguage\assignments\asm_hw03_201509_opengl\release\c_asm.exe
d:\users\wingo\teaching\assemblylanguage\assignments\asm_hw03_201509_opengl\c_asm\release\c_asm.exe.intermediate.manifest
d:\users\wingo\teaching\assemblylanguage\assignments\asm_hw03_201509_opengl\release\c_asm.pdb
d:\users\wingo\teaching\assemblylanguage\assignments\asm_hw03_201509_opengl_template\release\c_asm.exe
d:\users\wingo\teaching\assemblylanguage\assignments\asm_hw03_201509_opengl_template\c_asm\release\c_asm.exe.intermediate.manifest
d:\users\wingo\teaching\assemblylanguage\assignments\asm_hw03_201509_opengl_template\release\c_asm.pdb
d:\projects\vsproject\assembly\final\asm_hw03_201509_opengl_template\c_asm\release\vc120.pdb
d:\projects\vsproject\assembly\final\asm_hw03_201509_opengl_template\c_asm\release\shape.obj
d:\projects\vsproject\assembly\final\asm_hw03_201509_opengl_template\c_asm\release\particle_system.obj
d:\projects\vsproject\assembly\final\asm_hw03_201509_opengl_template\c_asm\release\opengl_stuff .obj
d:\projects\vsproject\assembly\final\asm_hw03_201509_opengl_template\c_asm\release\main.obj
d:\projects\vsproject\assembly\final\asm_hw03_201509_opengl_template\c_asm\release\image.obj
d:\projects\vsproject\assembly\final\asm_hw03_201509_opengl_template\c_asm\release\asm.obj
d:\projects\vsproject\assembly\final\asm_hw03_201509_opengl_template\c_asm\release\c_asm.vcxprojresolveassemblyreference.cache
d:\projects\vsproject\assembly\final\asm_hw03_201509_opengl_template\c_asm\release\cl.command.1.tlog
d:\projects\vsproject\assembly\final\asm_hw03_201509_opengl_template\c_asm\release\cl.read.1.tlog
d:\projects\vsproject\assembly\final\asm_hw03_201509_opengl_template\c_asm\release\cl.write.1.tlog
d:\projects\vsproject\assembly\final\asm_hw03_201509_opengl_template\c_asm\release\c_asm.write.1.tlog
d:\projects\vsproject\assembly\final\asm_hw03_201509_opengl_template\c_asm\release\link.command.1.tlog
d:\projects\vsproject\assembly\final\asm_hw03_201509_opengl_template\c_asm\release\link.read.1.tlog
d:\projects\vsproject\assembly\final\asm_hw03_201509_opengl_template\c_asm\release\link.write.1.tlog
d:\projects\vsproject\assembly\final\asm_hw03_201509_opengl_template\c_asm\release\mt.command.1.tlog
d:\projects\vsproject\assembly\final\asm_hw03_201509_opengl_template\c_asm\release\mt.read.1.tlog
d:\projects\vsproject\assembly\final\asm_hw03_201509_opengl_template\c_asm\release\mt.write.1.tlog
d:\projects\vsproject\assembly\final\asm_hw03_201509_opengl_template\c_asm\release\c_asm.exe.intermediate.manifest
d:\projects\vsproject\assembly\final\asm_hw03_201509_opengl_template\c_asm\release\vc100.pdb
d:\projects\vsproject\assembly\final\asm_hw03_201509_opengl_template\release\c_asm.pdb
d:\projects\vsproject\assembly\final\asm_hw03_201509_opengl_template\c_asm\release\c_asm.tlog\cl.command.1.tlog
d:\projects\vsproject\assembly\final\asm_hw03_201509_opengl_template\c_asm\release\c_asm.tlog\cl.read.1.tlog
d:\projects\vsproject\assembly\final\asm_hw03_201509_opengl_template\c_asm\release\c_asm.tlog\cl.write.1.tlog
d:\projects\vsproject\assembly\final\asm_hw03_201509_opengl_template\c_asm\release\c_asm.tlog\c_asm.write.1u.tlog
d:\projects\vsproject\assembly\final\asm_hw03_201509_opengl_template\c_asm\release\c_asm.tlog\link-cvtres.read.1.tlog
d:\projects\vsproject\assembly\final\asm_hw03_201509_opengl_template\c_asm\release\c_asm.tlog\link-cvtres.write.1.tlog
d:\projects\vsproject\assembly\final\asm_hw03_201509_opengl_template\c_asm\release\c_asm.tlog\link-rc.read.1.tlog
d:\projects\vsproject\assembly\final\asm_hw03_201509_opengl_template\c_asm\release\c_asm.tlog\link-rc.write.1.tlog
d:\projects\vsproject\assembly\final\asm_hw03_201509_opengl_template\c_asm\release\c_asm.tlog\link.command.1.tlog
d:\projects\vsproject\assembly\final\asm_hw03_201509_opengl_template\c_asm\release\c_asm.tlog\link.read.1.tlog
d:\projects\vsproject\assembly\final\asm_hw03_201509_opengl_template\c_asm\release\c_asm.tlog\link.write.1.tlog
